
ROM used:   62/8192 (1%)
            62/8192 (1%) including unused fragments

            0.1 Average locations per line
            3.3 Average locations per statement

RAM used:   6/368 (2%) at main() level
            6/368 (2%) worst case

Stack used: 0 worst case (0 in main + 0 for interrupts)
Stack size: 8

Lines Stmts  %   Files
----- ----- ---  -----
   44    19 100  RS232 Seri Haberlesme.c
  642     0   0  ..\..\..\..\..\Program Files (x86)\PICC\Devices\16f877.h
----- -----
  686    19 Total

Page ROM  %  RAM    Vol Diff  Functions:
---- --- --- ---    --- ----  ----------
0     58  94    0    415  4.2  main
 Inline         0             @cinit1

Program metrics:
    Functions               1
    Statements              19
    Comments                114
    Volume (V)              417
    Difficulty (D)          4.1
    Effort to implement (E) 1722
    Time to implement (T)   2 minutes
    Est Delivered Bugs (B)  0
    Cyclomatic Complexity   2
    Maintainability (MI)    54

 Segment     Used  Free
-----------  ----  ----
00000-00003     4  0  
00004-007FF    58  1986  
00800-00FFF     0  2048  
01000-017FF     0  2048  
01800-01FFF     0  2048  



